  WaterLayer.cpp
c:\users\aritz\documents\gameengine\gameengine\verticalshooter\waterlayer.cpp(10): warning C4244: 'argument': conversion from 'int' to 'float', possible loss of data
c:\users\aritz\documents\gameengine\gameengine\verticalshooter\waterlayer.cpp(38): warning C4244: '=': conversion from 'float' to 'int', possible loss of data
  Proyectile.cpp
c:\users\aritz\documents\gameengine\gameengine\verticalshooter\proyectile.cpp(6): warning C4244: 'argument': conversion from 'int' to 'float', possible loss of data
c:\users\aritz\documents\gameengine\gameengine\verticalshooter\proyectile.cpp(12): warning C4305: '=': truncation from 'double' to 'float'
c:\users\aritz\documents\gameengine\gameengine\verticalshooter\proyectile.cpp(44): warning C4244: '=': conversion from 'float' to 'int', possible loss of data
  PlayerShip.cpp
c:\users\aritz\documents\gameengine\gameengine\verticalshooter\playership.cpp(8): warning C4244: 'argument': conversion from 'int' to 'float', possible loss of data
c:\users\aritz\documents\gameengine\gameengine\verticalshooter\playership.cpp(53): warning C4244: '=': conversion from 'float' to 'int', possible loss of data
c:\users\aritz\documents\gameengine\gameengine\verticalshooter\playership.cpp(55): warning C4244: '=': conversion from 'float' to 'int', possible loss of data
c:\users\aritz\documents\gameengine\gameengine\verticalshooter\playership.cpp(81): warning C4244: '=': conversion from 'float' to 'int', possible loss of data
c:\users\aritz\documents\gameengine\gameengine\verticalshooter\playership.cpp(93): warning C4244: '=': conversion from 'float' to 'int', possible loss of data
  main.cpp
  GameManager.cpp
c:\users\aritz\documents\gameengine\gameengine\verticalshooter\gamemanager.cpp(4): warning C4244: 'argument': conversion from 'int' to 'float', possible loss of data
c:\users\aritz\documents\gameengine\gameengine\verticalshooter\gamemanager.cpp(16): warning C4244: 'argument': conversion from 'const int' to 'float', possible loss of data
c:\users\aritz\documents\gameengine\gameengine\verticalshooter\gamemanager.cpp(194): warning C4244: '=': conversion from 'float' to 'int', possible loss of data
c:\users\aritz\documents\gameengine\gameengine\verticalshooter\gamemanager.cpp(196): warning C4244: '=': conversion from 'float' to 'int', possible loss of data
c:\users\aritz\documents\gameengine\gameengine\verticalshooter\gamemanager.cpp(198): warning C4244: '=': conversion from 'float' to 'int', possible loss of data
c:\users\aritz\documents\gameengine\gameengine\verticalshooter\gamemanager.cpp(200): warning C4244: '=': conversion from 'float' to 'int', possible loss of data
c:\users\aritz\documents\gameengine\gameengine\verticalshooter\gamemanager.cpp(202): warning C4244: '=': conversion from 'float' to 'int', possible loss of data
c:\users\aritz\documents\gameengine\gameengine\verticalshooter\gamemanager.cpp(204): warning C4244: '=': conversion from 'float' to 'int', possible loss of data
c:\users\aritz\documents\gameengine\gameengine\verticalshooter\gamemanager.cpp(225): warning C4244: '=': conversion from 'float' to 'int', possible loss of data
  EnemyShip.cpp
c:\users\aritz\documents\gameengine\gameengine\verticalshooter\enemyship.cpp(8): warning C4244: 'argument': conversion from 'int' to 'float', possible loss of data
c:\users\aritz\documents\gameengine\gameengine\verticalshooter\enemyship.cpp(16): warning C4305: '=': truncation from 'double' to 'float'
c:\users\aritz\documents\gameengine\gameengine\verticalshooter\enemyship.cpp(27): warning C4244: '=': conversion from 'int' to 'float', possible loss of data
c:\users\aritz\documents\gameengine\gameengine\verticalshooter\enemyship.cpp(47): warning C4244: '=': conversion from 'float' to 'int', possible loss of data
c:\users\aritz\documents\gameengine\gameengine\verticalshooter\enemyship.cpp(50): warning C4244: '=': conversion from 'float' to 'int', possible loss of data
  Generating Code...
  VerticalShooter.vcxproj -> C:\Users\aritz\Documents\GameEngine\GameEngine\Debug\VerticalShooter.exe
  VerticalShooter.vcxproj -> C:\Users\aritz\Documents\GameEngine\GameEngine\Debug\VerticalShooter.pdb (Partial PDB)
