d:\documents\gameengine\gameengine\verticalshooter\debug\vc140.pdb
d:\documents\gameengine\gameengine\verticalshooter\debug\vc140.idb
d:\documents\gameengine\gameengine\verticalshooter\debug\enemyship.obj
d:\documents\gameengine\gameengine\verticalshooter\debug\gamemanager.obj
d:\documents\gameengine\gameengine\verticalshooter\debug\main.obj
d:\documents\gameengine\gameengine\verticalshooter\debug\playership.obj
d:\documents\gameengine\gameengine\verticalshooter\debug\waterlayer.obj
d:\documents\gameengine\gameengine\debug\verticalshooter.ilk
d:\documents\gameengine\gameengine\debug\verticalshooter.exe
d:\documents\gameengine\gameengine\debug\verticalshooter.pdb
c:\users\aritz\documents\gameengine\gameengine\verticalshooter\debug\enemyship.obj
c:\users\aritz\documents\gameengine\gameengine\verticalshooter\debug\gamemanager.obj
c:\users\aritz\documents\gameengine\gameengine\verticalshooter\debug\main.obj
c:\users\aritz\documents\gameengine\gameengine\verticalshooter\debug\playership.obj
c:\users\aritz\documents\gameengine\gameengine\verticalshooter\debug\waterlayer.obj
c:\users\aritz\documents\gameengine\gameengine\verticalshooter\debug\gamemanager.obj.enc
c:\users\aritz\documents\gameengine\gameengine\verticalshooter\debug\vc140.idb
c:\users\aritz\documents\gameengine\gameengine\verticalshooter\debug\vc140.pdb
c:\users\aritz\documents\gameengine\gameengine\debug\verticalshooter.pdb
c:\users\aritz\documents\gameengine\gameengine\debug\verticalshooter.exe
c:\users\aritz\documents\gameengine\gameengine\debug\verticalshooter.ilk
c:\users\aritz\documents\gameengine\gameengine\verticalshooter\debug\verticalshooter.tlog\cl.command.1.tlog
c:\users\aritz\documents\gameengine\gameengine\verticalshooter\debug\verticalshooter.tlog\cl.read.1.tlog
c:\users\aritz\documents\gameengine\gameengine\verticalshooter\debug\verticalshooter.tlog\cl.write.1.tlog
c:\users\aritz\documents\gameengine\gameengine\verticalshooter\debug\verticalshooter.tlog\link.command.1.tlog
c:\users\aritz\documents\gameengine\gameengine\verticalshooter\debug\verticalshooter.tlog\link.read.1.tlog
c:\users\aritz\documents\gameengine\gameengine\verticalshooter\debug\verticalshooter.tlog\link.write.1.tlog
